<?xml version="1.0" encoding="UTF-8"?>
<!-- Generated by org.testng.reporters.JUnitXMLReporter -->
<testsuite ignored="0" hostname="ICONSULT-27" failures="4" tests="5" name="Surefire test" time="18.296" errors="0" timestamp="2024-09-10T17:02:26 PKT">
  <testcase classname="tests.BaseClass" name="@AfterTest tearDown" time="0.082">
    <failure type="org.openqa.selenium.UnsupportedCommandException" message="The requested resource could not be found, or a request was received using an HTTP method that is not supported by the mapped resource
Build info: version: &amp;apos;4.24.0&amp;apos;, revision: &amp;apos;748ffc9bc3&amp;apos;
System info: os.name: &amp;apos;Windows 10&amp;apos;, os.arch: &amp;apos;amd64&amp;apos;, os.version: &amp;apos;10.0&amp;apos;, java.version: &amp;apos;22.0.2&amp;apos;
Driver info: io.appium.java_client.android.AndroidDriver
Command: [2771b1bb-066f-4c7a-a812-c436d6b0a291, close {}]
Capabilities {appium:app: C:\Users\ICA-4024\Desktop\A..., appium:appPackage: com.ibrahim52.zanbeelui, appium:automationName: UiAutomator2, appium:databaseEnabled: false, appium:desired: {app: C:\Users\ICA-4024\Desktop\A..., automationName: UiAutomator2, deviceName: Redmi 10C, platformName: ANDROID}, appium:deviceApiLevel: 33, appium:deviceManufacturer: Xiaomi, appium:deviceModel: 220333QAG, appium:deviceName: ec23dbe5, appium:deviceScreenDensity: 320, appium:deviceScreenSize: 720x1650, appium:deviceUDID: ec23dbe5, appium:javascriptEnabled: true, appium:locationContextEnabled: false, appium:networkConnectionEnabled: true, appium:pixelRatio: 2, appium:platformVersion: 13, appium:statBarHeight: 49, appium:takesScreenshot: true, appium:viewportRect: {height: 1601, left: 0, top: 49, width: 720}, appium:warnings: {}, appium:webStorageEnabled: false, platformName: ANDROID}
Session ID: 2771b1bb-066f-4c7a-a812-c436d6b0a291">
      <![CDATA[org.openqa.selenium.UnsupportedCommandException: The requested resource could not be found, or a request was received using an HTTP method that is not supported by the mapped resource
Build info: version: '4.24.0', revision: '748ffc9bc3'
System info: os.name: 'Windows 10', os.arch: 'amd64', os.version: '10.0', java.version: '22.0.2'
Driver info: io.appium.java_client.android.AndroidDriver
Command: [2771b1bb-066f-4c7a-a812-c436d6b0a291, close {}]
Capabilities {appium:app: C:\Users\ICA-4024\Desktop\A..., appium:appPackage: com.ibrahim52.zanbeelui, appium:automationName: UiAutomator2, appium:databaseEnabled: false, appium:desired: {app: C:\Users\ICA-4024\Desktop\A..., automationName: UiAutomator2, deviceName: Redmi 10C, platformName: ANDROID}, appium:deviceApiLevel: 33, appium:deviceManufacturer: Xiaomi, appium:deviceModel: 220333QAG, appium:deviceName: ec23dbe5, appium:deviceScreenDensity: 320, appium:deviceScreenSize: 720x1650, appium:deviceUDID: ec23dbe5, appium:javascriptEnabled: true, appium:locationContextEnabled: false, appium:networkConnectionEnabled: true, appium:pixelRatio: 2, appium:platformVersion: 13, appium:statBarHeight: 49, appium:takesScreenshot: true, appium:viewportRect: {height: 1601, left: 0, top: 49, width: 720}, appium:warnings: {}, appium:webStorageEnabled: false, platformName: ANDROID}
Session ID: 2771b1bb-066f-4c7a-a812-c436d6b0a291
at org.openqa.selenium.remote.ErrorCodec.decode(ErrorCodec.java:167)
at org.openqa.selenium.remote.codec.w3c.W3CHttpResponseCodec.decode(W3CHttpResponseCodec.java:138)
at org.openqa.selenium.remote.codec.w3c.W3CHttpResponseCodec.decode(W3CHttpResponseCodec.java:50)
at org.openqa.selenium.remote.HttpCommandExecutor.execute(HttpCommandExecutor.java:190)
at io.appium.java_client.remote.AppiumCommandExecutor.execute(AppiumCommandExecutor.java:237)
at org.openqa.selenium.remote.RemoteWebDriver.execute(RemoteWebDriver.java:545)
at org.openqa.selenium.remote.RemoteWebDriver.execute(RemoteWebDriver.java:618)
at io.appium.java_client.AppiumDriver.execute(AppiumDriver.java:310)
at org.openqa.selenium.remote.RemoteWebDriver.close(RemoteWebDriver.java:418)
at tests.BaseClass.tearDown(BaseClass.java:38)
... Removed 30 stack frames]]>
    </failure>
  </testcase> <!-- @AfterTest tearDown -->
  <testcase classname="tests.LoginTest" name="test1" time="0.869">
    <failure type="org.openqa.selenium.NoSuchElementException" message="An element could not be located on the page using the given search parameters.
For documentation on this error, please visit: https://www.selenium.dev/documentation/webdriver/troubleshooting/errors#no-such-element-exception
Build info: version: &amp;apos;4.24.0&amp;apos;, revision: &amp;apos;748ffc9bc3&amp;apos;
System info: os.name: &amp;apos;Windows 10&amp;apos;, os.arch: &amp;apos;amd64&amp;apos;, os.version: &amp;apos;10.0&amp;apos;, java.version: &amp;apos;22.0.2&amp;apos;
Driver info: io.appium.java_client.android.AndroidDriver
Command: [2771b1bb-066f-4c7a-a812-c436d6b0a291, findElement {using=xpath, value=//android.widget.TextView[@text=&amp;quot;Login&amp;quot;]}]
Capabilities {appium:app: C:\Users\ICA-4024\Desktop\A..., appium:appPackage: com.ibrahim52.zanbeelui, appium:automationName: UiAutomator2, appium:databaseEnabled: false, appium:desired: {app: C:\Users\ICA-4024\Desktop\A..., automationName: UiAutomator2, deviceName: Redmi 10C, platformName: ANDROID}, appium:deviceApiLevel: 33, appium:deviceManufacturer: Xiaomi, appium:deviceModel: 220333QAG, appium:deviceName: ec23dbe5, appium:deviceScreenDensity: 320, appium:deviceScreenSize: 720x1650, appium:deviceUDID: ec23dbe5, appium:javascriptEnabled: true, appium:locationContextEnabled: false, appium:networkConnectionEnabled: true, appium:pixelRatio: 2, appium:platformVersion: 13, appium:statBarHeight: 49, appium:takesScreenshot: true, appium:viewportRect: {height: 1601, left: 0, top: 49, width: 720}, appium:warnings: {}, appium:webStorageEnabled: false, platformName: ANDROID}
Session ID: 2771b1bb-066f-4c7a-a812-c436d6b0a291">
      <![CDATA[org.openqa.selenium.NoSuchElementException: An element could not be located on the page using the given search parameters.
For documentation on this error, please visit: https://www.selenium.dev/documentation/webdriver/troubleshooting/errors#no-such-element-exception
Build info: version: '4.24.0', revision: '748ffc9bc3'
System info: os.name: 'Windows 10', os.arch: 'amd64', os.version: '10.0', java.version: '22.0.2'
Driver info: io.appium.java_client.android.AndroidDriver
Command: [2771b1bb-066f-4c7a-a812-c436d6b0a291, findElement {using=xpath, value=//android.widget.TextView[@text="Login"]}]
Capabilities {appium:app: C:\Users\ICA-4024\Desktop\A..., appium:appPackage: com.ibrahim52.zanbeelui, appium:automationName: UiAutomator2, appium:databaseEnabled: false, appium:desired: {app: C:\Users\ICA-4024\Desktop\A..., automationName: UiAutomator2, deviceName: Redmi 10C, platformName: ANDROID}, appium:deviceApiLevel: 33, appium:deviceManufacturer: Xiaomi, appium:deviceModel: 220333QAG, appium:deviceName: ec23dbe5, appium:deviceScreenDensity: 320, appium:deviceScreenSize: 720x1650, appium:deviceUDID: ec23dbe5, appium:javascriptEnabled: true, appium:locationContextEnabled: false, appium:networkConnectionEnabled: true, appium:pixelRatio: 2, appium:platformVersion: 13, appium:statBarHeight: 49, appium:takesScreenshot: true, appium:viewportRect: {height: 1601, left: 0, top: 49, width: 720}, appium:warnings: {}, appium:webStorageEnabled: false, platformName: ANDROID}
Session ID: 2771b1bb-066f-4c7a-a812-c436d6b0a291
at org.openqa.selenium.remote.ErrorCodec.decode(ErrorCodec.java:167)
at org.openqa.selenium.remote.codec.w3c.W3CHttpResponseCodec.decode(W3CHttpResponseCodec.java:138)
at org.openqa.selenium.remote.codec.w3c.W3CHttpResponseCodec.decode(W3CHttpResponseCodec.java:50)
at org.openqa.selenium.remote.HttpCommandExecutor.execute(HttpCommandExecutor.java:190)
at io.appium.java_client.remote.AppiumCommandExecutor.execute(AppiumCommandExecutor.java:237)
at org.openqa.selenium.remote.RemoteWebDriver.execute(RemoteWebDriver.java:545)
at org.openqa.selenium.remote.ElementLocation$ElementFinder$2.findElement(ElementLocation.java:165)
at org.openqa.selenium.remote.ElementLocation.findElement(ElementLocation.java:59)
at org.openqa.selenium.remote.RemoteWebDriver.findElement(RemoteWebDriver.java:368)
at org.openqa.selenium.remote.RemoteWebDriver.findElement(RemoteWebDriver.java:362)
at tests.LoginTest.test1(LoginTest.java:17)
at java.base/java.util.ArrayList.forEach(ArrayList.java:1597)
... Removed 33 stack frames]]>
    </failure>
  </testcase> <!-- test1 -->
  <testcase classname="tests.LoginTest" name="test2" time="0.235">
    <failure type="org.openqa.selenium.NoSuchElementException" message="An element could not be located on the page using the given search parameters.
For documentation on this error, please visit: https://www.selenium.dev/documentation/webdriver/troubleshooting/errors#no-such-element-exception
Build info: version: &amp;apos;4.24.0&amp;apos;, revision: &amp;apos;748ffc9bc3&amp;apos;
System info: os.name: &amp;apos;Windows 10&amp;apos;, os.arch: &amp;apos;amd64&amp;apos;, os.version: &amp;apos;10.0&amp;apos;, java.version: &amp;apos;22.0.2&amp;apos;
Driver info: io.appium.java_client.android.AndroidDriver
Command: [2771b1bb-066f-4c7a-a812-c436d6b0a291, findElement {using=xpath, value=//android.widget.TextView[@text=&amp;quot;Login&amp;quot;]}]
Capabilities {appium:app: C:\Users\ICA-4024\Desktop\A..., appium:appPackage: com.ibrahim52.zanbeelui, appium:automationName: UiAutomator2, appium:databaseEnabled: false, appium:desired: {app: C:\Users\ICA-4024\Desktop\A..., automationName: UiAutomator2, deviceName: Redmi 10C, platformName: ANDROID}, appium:deviceApiLevel: 33, appium:deviceManufacturer: Xiaomi, appium:deviceModel: 220333QAG, appium:deviceName: ec23dbe5, appium:deviceScreenDensity: 320, appium:deviceScreenSize: 720x1650, appium:deviceUDID: ec23dbe5, appium:javascriptEnabled: true, appium:locationContextEnabled: false, appium:networkConnectionEnabled: true, appium:pixelRatio: 2, appium:platformVersion: 13, appium:statBarHeight: 49, appium:takesScreenshot: true, appium:viewportRect: {height: 1601, left: 0, top: 49, width: 720}, appium:warnings: {}, appium:webStorageEnabled: false, platformName: ANDROID}
Session ID: 2771b1bb-066f-4c7a-a812-c436d6b0a291">
      <![CDATA[org.openqa.selenium.NoSuchElementException: An element could not be located on the page using the given search parameters.
For documentation on this error, please visit: https://www.selenium.dev/documentation/webdriver/troubleshooting/errors#no-such-element-exception
Build info: version: '4.24.0', revision: '748ffc9bc3'
System info: os.name: 'Windows 10', os.arch: 'amd64', os.version: '10.0', java.version: '22.0.2'
Driver info: io.appium.java_client.android.AndroidDriver
Command: [2771b1bb-066f-4c7a-a812-c436d6b0a291, findElement {using=xpath, value=//android.widget.TextView[@text="Login"]}]
Capabilities {appium:app: C:\Users\ICA-4024\Desktop\A..., appium:appPackage: com.ibrahim52.zanbeelui, appium:automationName: UiAutomator2, appium:databaseEnabled: false, appium:desired: {app: C:\Users\ICA-4024\Desktop\A..., automationName: UiAutomator2, deviceName: Redmi 10C, platformName: ANDROID}, appium:deviceApiLevel: 33, appium:deviceManufacturer: Xiaomi, appium:deviceModel: 220333QAG, appium:deviceName: ec23dbe5, appium:deviceScreenDensity: 320, appium:deviceScreenSize: 720x1650, appium:deviceUDID: ec23dbe5, appium:javascriptEnabled: true, appium:locationContextEnabled: false, appium:networkConnectionEnabled: true, appium:pixelRatio: 2, appium:platformVersion: 13, appium:statBarHeight: 49, appium:takesScreenshot: true, appium:viewportRect: {height: 1601, left: 0, top: 49, width: 720}, appium:warnings: {}, appium:webStorageEnabled: false, platformName: ANDROID}
Session ID: 2771b1bb-066f-4c7a-a812-c436d6b0a291
at org.openqa.selenium.remote.ErrorCodec.decode(ErrorCodec.java:167)
at org.openqa.selenium.remote.codec.w3c.W3CHttpResponseCodec.decode(W3CHttpResponseCodec.java:138)
at org.openqa.selenium.remote.codec.w3c.W3CHttpResponseCodec.decode(W3CHttpResponseCodec.java:50)
at org.openqa.selenium.remote.HttpCommandExecutor.execute(HttpCommandExecutor.java:190)
at io.appium.java_client.remote.AppiumCommandExecutor.execute(AppiumCommandExecutor.java:237)
at org.openqa.selenium.remote.RemoteWebDriver.execute(RemoteWebDriver.java:545)
at org.openqa.selenium.remote.ElementLocation$ElementFinder$2.findElement(ElementLocation.java:165)
at org.openqa.selenium.remote.ElementLocation.findElement(ElementLocation.java:59)
at org.openqa.selenium.remote.RemoteWebDriver.findElement(RemoteWebDriver.java:368)
at org.openqa.selenium.remote.RemoteWebDriver.findElement(RemoteWebDriver.java:362)
at tests.LoginTest.test2(LoginTest.java:38)
at java.base/java.util.ArrayList.forEach(ArrayList.java:1597)
... Removed 33 stack frames]]>
    </failure>
  </testcase> <!-- test2 -->
  <testcase classname="tests.LoginTest" name="test3" time="0.16">
    <failure type="org.openqa.selenium.NoSuchElementException" message="An element could not be located on the page using the given search parameters.
For documentation on this error, please visit: https://www.selenium.dev/documentation/webdriver/troubleshooting/errors#no-such-element-exception
Build info: version: &amp;apos;4.24.0&amp;apos;, revision: &amp;apos;748ffc9bc3&amp;apos;
System info: os.name: &amp;apos;Windows 10&amp;apos;, os.arch: &amp;apos;amd64&amp;apos;, os.version: &amp;apos;10.0&amp;apos;, java.version: &amp;apos;22.0.2&amp;apos;
Driver info: io.appium.java_client.android.AndroidDriver
Command: [2771b1bb-066f-4c7a-a812-c436d6b0a291, findElement {using=xpath, value=//android.widget.TextView[@text=&amp;quot;Login&amp;quot;]}]
Capabilities {appium:app: C:\Users\ICA-4024\Desktop\A..., appium:appPackage: com.ibrahim52.zanbeelui, appium:automationName: UiAutomator2, appium:databaseEnabled: false, appium:desired: {app: C:\Users\ICA-4024\Desktop\A..., automationName: UiAutomator2, deviceName: Redmi 10C, platformName: ANDROID}, appium:deviceApiLevel: 33, appium:deviceManufacturer: Xiaomi, appium:deviceModel: 220333QAG, appium:deviceName: ec23dbe5, appium:deviceScreenDensity: 320, appium:deviceScreenSize: 720x1650, appium:deviceUDID: ec23dbe5, appium:javascriptEnabled: true, appium:locationContextEnabled: false, appium:networkConnectionEnabled: true, appium:pixelRatio: 2, appium:platformVersion: 13, appium:statBarHeight: 49, appium:takesScreenshot: true, appium:viewportRect: {height: 1601, left: 0, top: 49, width: 720}, appium:warnings: {}, appium:webStorageEnabled: false, platformName: ANDROID}
Session ID: 2771b1bb-066f-4c7a-a812-c436d6b0a291">
      <![CDATA[org.openqa.selenium.NoSuchElementException: An element could not be located on the page using the given search parameters.
For documentation on this error, please visit: https://www.selenium.dev/documentation/webdriver/troubleshooting/errors#no-such-element-exception
Build info: version: '4.24.0', revision: '748ffc9bc3'
System info: os.name: 'Windows 10', os.arch: 'amd64', os.version: '10.0', java.version: '22.0.2'
Driver info: io.appium.java_client.android.AndroidDriver
Command: [2771b1bb-066f-4c7a-a812-c436d6b0a291, findElement {using=xpath, value=//android.widget.TextView[@text="Login"]}]
Capabilities {appium:app: C:\Users\ICA-4024\Desktop\A..., appium:appPackage: com.ibrahim52.zanbeelui, appium:automationName: UiAutomator2, appium:databaseEnabled: false, appium:desired: {app: C:\Users\ICA-4024\Desktop\A..., automationName: UiAutomator2, deviceName: Redmi 10C, platformName: ANDROID}, appium:deviceApiLevel: 33, appium:deviceManufacturer: Xiaomi, appium:deviceModel: 220333QAG, appium:deviceName: ec23dbe5, appium:deviceScreenDensity: 320, appium:deviceScreenSize: 720x1650, appium:deviceUDID: ec23dbe5, appium:javascriptEnabled: true, appium:locationContextEnabled: false, appium:networkConnectionEnabled: true, appium:pixelRatio: 2, appium:platformVersion: 13, appium:statBarHeight: 49, appium:takesScreenshot: true, appium:viewportRect: {height: 1601, left: 0, top: 49, width: 720}, appium:warnings: {}, appium:webStorageEnabled: false, platformName: ANDROID}
Session ID: 2771b1bb-066f-4c7a-a812-c436d6b0a291
at org.openqa.selenium.remote.ErrorCodec.decode(ErrorCodec.java:167)
at org.openqa.selenium.remote.codec.w3c.W3CHttpResponseCodec.decode(W3CHttpResponseCodec.java:138)
at org.openqa.selenium.remote.codec.w3c.W3CHttpResponseCodec.decode(W3CHttpResponseCodec.java:50)
at org.openqa.selenium.remote.HttpCommandExecutor.execute(HttpCommandExecutor.java:190)
at io.appium.java_client.remote.AppiumCommandExecutor.execute(AppiumCommandExecutor.java:237)
at org.openqa.selenium.remote.RemoteWebDriver.execute(RemoteWebDriver.java:545)
at org.openqa.selenium.remote.ElementLocation$ElementFinder$2.findElement(ElementLocation.java:165)
at org.openqa.selenium.remote.ElementLocation.findElement(ElementLocation.java:59)
at org.openqa.selenium.remote.RemoteWebDriver.findElement(RemoteWebDriver.java:368)
at org.openqa.selenium.remote.RemoteWebDriver.findElement(RemoteWebDriver.java:362)
at tests.LoginTest.test3(LoginTest.java:58)
at java.base/java.util.ArrayList.forEach(ArrayList.java:1597)
... Removed 33 stack frames]]>
    </failure>
  </testcase> <!-- test3 -->
  <testcase classname="tests.LoginTest" name="test4" time="0.154">
    <failure type="org.openqa.selenium.NoSuchElementException" message="An element could not be located on the page using the given search parameters.
For documentation on this error, please visit: https://www.selenium.dev/documentation/webdriver/troubleshooting/errors#no-such-element-exception
Build info: version: &amp;apos;4.24.0&amp;apos;, revision: &amp;apos;748ffc9bc3&amp;apos;
System info: os.name: &amp;apos;Windows 10&amp;apos;, os.arch: &amp;apos;amd64&amp;apos;, os.version: &amp;apos;10.0&amp;apos;, java.version: &amp;apos;22.0.2&amp;apos;
Driver info: io.appium.java_client.android.AndroidDriver
Command: [2771b1bb-066f-4c7a-a812-c436d6b0a291, findElement {using=xpath, value=//android.widget.TextView[@text=&amp;quot;Login&amp;quot;]}]
Capabilities {appium:app: C:\Users\ICA-4024\Desktop\A..., appium:appPackage: com.ibrahim52.zanbeelui, appium:automationName: UiAutomator2, appium:databaseEnabled: false, appium:desired: {app: C:\Users\ICA-4024\Desktop\A..., automationName: UiAutomator2, deviceName: Redmi 10C, platformName: ANDROID}, appium:deviceApiLevel: 33, appium:deviceManufacturer: Xiaomi, appium:deviceModel: 220333QAG, appium:deviceName: ec23dbe5, appium:deviceScreenDensity: 320, appium:deviceScreenSize: 720x1650, appium:deviceUDID: ec23dbe5, appium:javascriptEnabled: true, appium:locationContextEnabled: false, appium:networkConnectionEnabled: true, appium:pixelRatio: 2, appium:platformVersion: 13, appium:statBarHeight: 49, appium:takesScreenshot: true, appium:viewportRect: {height: 1601, left: 0, top: 49, width: 720}, appium:warnings: {}, appium:webStorageEnabled: false, platformName: ANDROID}
Session ID: 2771b1bb-066f-4c7a-a812-c436d6b0a291">
      <![CDATA[org.openqa.selenium.NoSuchElementException: An element could not be located on the page using the given search parameters.
For documentation on this error, please visit: https://www.selenium.dev/documentation/webdriver/troubleshooting/errors#no-such-element-exception
Build info: version: '4.24.0', revision: '748ffc9bc3'
System info: os.name: 'Windows 10', os.arch: 'amd64', os.version: '10.0', java.version: '22.0.2'
Driver info: io.appium.java_client.android.AndroidDriver
Command: [2771b1bb-066f-4c7a-a812-c436d6b0a291, findElement {using=xpath, value=//android.widget.TextView[@text="Login"]}]
Capabilities {appium:app: C:\Users\ICA-4024\Desktop\A..., appium:appPackage: com.ibrahim52.zanbeelui, appium:automationName: UiAutomator2, appium:databaseEnabled: false, appium:desired: {app: C:\Users\ICA-4024\Desktop\A..., automationName: UiAutomator2, deviceName: Redmi 10C, platformName: ANDROID}, appium:deviceApiLevel: 33, appium:deviceManufacturer: Xiaomi, appium:deviceModel: 220333QAG, appium:deviceName: ec23dbe5, appium:deviceScreenDensity: 320, appium:deviceScreenSize: 720x1650, appium:deviceUDID: ec23dbe5, appium:javascriptEnabled: true, appium:locationContextEnabled: false, appium:networkConnectionEnabled: true, appium:pixelRatio: 2, appium:platformVersion: 13, appium:statBarHeight: 49, appium:takesScreenshot: true, appium:viewportRect: {height: 1601, left: 0, top: 49, width: 720}, appium:warnings: {}, appium:webStorageEnabled: false, platformName: ANDROID}
Session ID: 2771b1bb-066f-4c7a-a812-c436d6b0a291
at org.openqa.selenium.remote.ErrorCodec.decode(ErrorCodec.java:167)
at org.openqa.selenium.remote.codec.w3c.W3CHttpResponseCodec.decode(W3CHttpResponseCodec.java:138)
at org.openqa.selenium.remote.codec.w3c.W3CHttpResponseCodec.decode(W3CHttpResponseCodec.java:50)
at org.openqa.selenium.remote.HttpCommandExecutor.execute(HttpCommandExecutor.java:190)
at io.appium.java_client.remote.AppiumCommandExecutor.execute(AppiumCommandExecutor.java:237)
at org.openqa.selenium.remote.RemoteWebDriver.execute(RemoteWebDriver.java:545)
at org.openqa.selenium.remote.ElementLocation$ElementFinder$2.findElement(ElementLocation.java:165)
at org.openqa.selenium.remote.ElementLocation.findElement(ElementLocation.java:59)
at org.openqa.selenium.remote.RemoteWebDriver.findElement(RemoteWebDriver.java:368)
at org.openqa.selenium.remote.RemoteWebDriver.findElement(RemoteWebDriver.java:362)
at tests.LoginTest.test4(LoginTest.java:78)
at java.base/java.util.ArrayList.forEach(ArrayList.java:1597)
... Removed 33 stack frames]]>
    </failure>
  </testcase> <!-- test4 -->
  <testcase classname="tests.LoginTest" name="test5" time="7.088"/>
</testsuite> <!-- Surefire test -->
