<?xml version="1.0" encoding="UTF-8"?>
<testng-results ignored="0" total="1" passed="0" failed="1" skipped="0">
  <reporter-output>
  </reporter-output>
  <suite started-at="2024-09-23T12:24:28 PKT" name="Default suite" finished-at="2024-09-23T12:24:47 PKT" duration-ms="19028">
    <groups>
    </groups>
    <test started-at="2024-09-23T12:24:28 PKT" name="Default test" finished-at="2024-09-23T12:24:47 PKT" duration-ms="19028">
      <class name="tests.FavoritePayee">
        <test-method is-config="true" signature="setupReport()[pri:0, instance:tests.FavoritePayee@49ec71f8]" started-at="2024-09-23T12:24:27 PKT" name="setupReport" finished-at="2024-09-23T12:24:28 PKT" duration-ms="402" status="PASS">
          <reporter-output>
          </reporter-output>
        </test-method> <!-- setupReport -->
        <test-method is-config="true" signature="setUp()[pri:0, instance:tests.FavoritePayee@49ec71f8]" started-at="2024-09-23T12:24:28 PKT" name="setUp" finished-at="2024-09-23T12:24:37 PKT" duration-ms="9406" status="PASS">
          <reporter-output>
          </reporter-output>
        </test-method> <!-- setUp -->
        <test-method signature="test1()[pri:0, instance:tests.FavoritePayee@49ec71f8]" started-at="2024-09-23T12:24:37 PKT" name="test1" finished-at="2024-09-23T12:24:47 PKT" duration-ms="9539" status="FAIL">
          <exception class="org.openqa.selenium.NoSuchElementException">
            <message>
              <![CDATA[An element could not be located on the page using the given search parameters.
For documentation on this error, please visit: https://www.selenium.dev/documentation/webdriver/troubleshooting/errors#no-such-element-exception
Build info: version: '4.25.0', revision: '8a8aea2337'
System info: os.name: 'Windows 10', os.arch: 'amd64', os.version: '10.0', java.version: '22.0.2'
Driver info: io.appium.java_client.android.AndroidDriver
Command: [6b5b2904-9ea8-4513-8ff1-003988280cb1, findElement {using=xpath, value=//android.widget.TextView[@text="abcbank"]}]
Capabilities {appium:app: C:\Users\ICA-4024\Desktop\A..., appium:appPackage: com.ibrahim52.zanbeelui, appium:automationName: UiAutomator2, appium:databaseEnabled: false, appium:desired: {app: C:\Users\ICA-4024\Desktop\A..., automationName: UiAutomator2, deviceName: Redmi 10C, platformName: ANDROID}, appium:deviceApiLevel: 33, appium:deviceManufacturer: Xiaomi, appium:deviceModel: 220333QAG, appium:deviceName: ec23dbe5, appium:deviceScreenDensity: 320, appium:deviceScreenSize: 720x1650, appium:deviceUDID: ec23dbe5, appium:javascriptEnabled: true, appium:locationContextEnabled: false, appium:networkConnectionEnabled: true, appium:pixelRatio: 2, appium:platformVersion: 13, appium:statBarHeight: 49, appium:takesScreenshot: true, appium:viewportRect: {height: 1601, left: 0, top: 49, width: 720}, appium:warnings: {}, appium:webStorageEnabled: false, platformName: ANDROID}
Session ID: 6b5b2904-9ea8-4513-8ff1-003988280cb1]]>
            </message>
            <full-stacktrace>
              <![CDATA[org.openqa.selenium.NoSuchElementException: An element could not be located on the page using the given search parameters.
For documentation on this error, please visit: https://www.selenium.dev/documentation/webdriver/troubleshooting/errors#no-such-element-exception
Build info: version: '4.25.0', revision: '8a8aea2337'
System info: os.name: 'Windows 10', os.arch: 'amd64', os.version: '10.0', java.version: '22.0.2'
Driver info: io.appium.java_client.android.AndroidDriver
Command: [6b5b2904-9ea8-4513-8ff1-003988280cb1, findElement {using=xpath, value=//android.widget.TextView[@text="abcbank"]}]
Capabilities {appium:app: C:\Users\ICA-4024\Desktop\A..., appium:appPackage: com.ibrahim52.zanbeelui, appium:automationName: UiAutomator2, appium:databaseEnabled: false, appium:desired: {app: C:\Users\ICA-4024\Desktop\A..., automationName: UiAutomator2, deviceName: Redmi 10C, platformName: ANDROID}, appium:deviceApiLevel: 33, appium:deviceManufacturer: Xiaomi, appium:deviceModel: 220333QAG, appium:deviceName: ec23dbe5, appium:deviceScreenDensity: 320, appium:deviceScreenSize: 720x1650, appium:deviceUDID: ec23dbe5, appium:javascriptEnabled: true, appium:locationContextEnabled: false, appium:networkConnectionEnabled: true, appium:pixelRatio: 2, appium:platformVersion: 13, appium:statBarHeight: 49, appium:takesScreenshot: true, appium:viewportRect: {height: 1601, left: 0, top: 49, width: 720}, appium:warnings: {}, appium:webStorageEnabled: false, platformName: ANDROID}
Session ID: 6b5b2904-9ea8-4513-8ff1-003988280cb1
at java.base/jdk.internal.reflect.DirectConstructorHandleAccessor.newInstance(DirectConstructorHandleAccessor.java:62)
at java.base/java.lang.reflect.Constructor.newInstanceWithCaller(Constructor.java:502)
at java.base/java.lang.reflect.Constructor.newInstance(Constructor.java:486)
at org.openqa.selenium.remote.ErrorCodec.decode(ErrorCodec.java:167)
at org.openqa.selenium.remote.codec.w3c.W3CHttpResponseCodec.decode(W3CHttpResponseCodec.java:138)
at org.openqa.selenium.remote.codec.w3c.W3CHttpResponseCodec.decode(W3CHttpResponseCodec.java:50)
at org.openqa.selenium.remote.HttpCommandExecutor.execute(HttpCommandExecutor.java:190)
at io.appium.java_client.remote.AppiumCommandExecutor.execute(AppiumCommandExecutor.java:237)
at org.openqa.selenium.remote.RemoteWebDriver.execute(RemoteWebDriver.java:545)
at org.openqa.selenium.remote.ElementLocation$ElementFinder$2.findElement(ElementLocation.java:165)
at org.openqa.selenium.remote.ElementLocation.findElement(ElementLocation.java:59)
at org.openqa.selenium.remote.RemoteWebDriver.findElement(RemoteWebDriver.java:368)
at org.openqa.selenium.remote.RemoteWebDriver.findElement(RemoteWebDriver.java:362)
at tests.FavoritePayee.test1(FavoritePayee.java:29)
at java.base/jdk.internal.reflect.DirectMethodHandleAccessor.invoke(DirectMethodHandleAccessor.java:103)
at java.base/java.lang.reflect.Method.invoke(Method.java:580)
at org.testng.internal.MethodInvocationHelper.invokeMethod(MethodInvocationHelper.java:133)
at org.testng.internal.TestInvoker.invokeMethod(TestInvoker.java:598)
at org.testng.internal.TestInvoker.invokeTestMethod(TestInvoker.java:173)
at org.testng.internal.MethodRunner.runInSequence(MethodRunner.java:46)
at org.testng.internal.TestInvoker$MethodInvocationAgent.invoke(TestInvoker.java:824)
at org.testng.internal.TestInvoker.invokeTestMethods(TestInvoker.java:146)
at org.testng.internal.TestMethodWorker.invokeTestMethods(TestMethodWorker.java:146)
at org.testng.internal.TestMethodWorker.run(TestMethodWorker.java:128)
at java.base/java.util.ArrayList.forEach(ArrayList.java:1597)
at org.testng.TestRunner.privateRun(TestRunner.java:794)
at org.testng.TestRunner.run(TestRunner.java:596)
at org.testng.SuiteRunner.runTest(SuiteRunner.java:377)
at org.testng.SuiteRunner.runSequentially(SuiteRunner.java:371)
at org.testng.SuiteRunner.privateRun(SuiteRunner.java:332)
at org.testng.SuiteRunner.run(SuiteRunner.java:276)
at org.testng.SuiteRunnerWorker.runSuite(SuiteRunnerWorker.java:53)
at org.testng.SuiteRunnerWorker.run(SuiteRunnerWorker.java:96)
at org.testng.TestNG.runSuitesSequentially(TestNG.java:1212)
at org.testng.TestNG.runSuitesLocally(TestNG.java:1134)
at org.testng.TestNG.runSuites(TestNG.java:1063)
at org.testng.TestNG.run(TestNG.java:1031)
at org.testng.remote.AbstractRemoteTestNG.run(AbstractRemoteTestNG.java:115)
at org.testng.remote.RemoteTestNG.initAndRun(RemoteTestNG.java:293)
at org.testng.remote.RemoteTestNG.main(RemoteTestNG.java:91)
]]>
            </full-stacktrace>
          </exception> <!-- org.openqa.selenium.NoSuchElementException -->
          <reporter-output>
          </reporter-output>
        </test-method> <!-- test1 -->
        <test-method is-config="true" signature="tearDown()[pri:0, instance:tests.FavoritePayee@49ec71f8]" started-at="2024-09-23T12:24:47 PKT" name="tearDown" finished-at="2024-09-23T12:24:47 PKT" duration-ms="46" status="FAIL">
          <exception class="org.openqa.selenium.UnsupportedCommandException">
            <message>
              <![CDATA[The requested resource could not be found, or a request was received using an HTTP method that is not supported by the mapped resource
Build info: version: '4.25.0', revision: '8a8aea2337'
System info: os.name: 'Windows 10', os.arch: 'amd64', os.version: '10.0', java.version: '22.0.2'
Driver info: io.appium.java_client.android.AndroidDriver
Command: [6b5b2904-9ea8-4513-8ff1-003988280cb1, close {}]
Capabilities {appium:app: C:\Users\ICA-4024\Desktop\A..., appium:appPackage: com.ibrahim52.zanbeelui, appium:automationName: UiAutomator2, appium:databaseEnabled: false, appium:desired: {app: C:\Users\ICA-4024\Desktop\A..., automationName: UiAutomator2, deviceName: Redmi 10C, platformName: ANDROID}, appium:deviceApiLevel: 33, appium:deviceManufacturer: Xiaomi, appium:deviceModel: 220333QAG, appium:deviceName: ec23dbe5, appium:deviceScreenDensity: 320, appium:deviceScreenSize: 720x1650, appium:deviceUDID: ec23dbe5, appium:javascriptEnabled: true, appium:locationContextEnabled: false, appium:networkConnectionEnabled: true, appium:pixelRatio: 2, appium:platformVersion: 13, appium:statBarHeight: 49, appium:takesScreenshot: true, appium:viewportRect: {height: 1601, left: 0, top: 49, width: 720}, appium:warnings: {}, appium:webStorageEnabled: false, platformName: ANDROID}
Session ID: 6b5b2904-9ea8-4513-8ff1-003988280cb1]]>
            </message>
            <full-stacktrace>
              <![CDATA[org.openqa.selenium.UnsupportedCommandException: The requested resource could not be found, or a request was received using an HTTP method that is not supported by the mapped resource
Build info: version: '4.25.0', revision: '8a8aea2337'
System info: os.name: 'Windows 10', os.arch: 'amd64', os.version: '10.0', java.version: '22.0.2'
Driver info: io.appium.java_client.android.AndroidDriver
Command: [6b5b2904-9ea8-4513-8ff1-003988280cb1, close {}]
Capabilities {appium:app: C:\Users\ICA-4024\Desktop\A..., appium:appPackage: com.ibrahim52.zanbeelui, appium:automationName: UiAutomator2, appium:databaseEnabled: false, appium:desired: {app: C:\Users\ICA-4024\Desktop\A..., automationName: UiAutomator2, deviceName: Redmi 10C, platformName: ANDROID}, appium:deviceApiLevel: 33, appium:deviceManufacturer: Xiaomi, appium:deviceModel: 220333QAG, appium:deviceName: ec23dbe5, appium:deviceScreenDensity: 320, appium:deviceScreenSize: 720x1650, appium:deviceUDID: ec23dbe5, appium:javascriptEnabled: true, appium:locationContextEnabled: false, appium:networkConnectionEnabled: true, appium:pixelRatio: 2, appium:platformVersion: 13, appium:statBarHeight: 49, appium:takesScreenshot: true, appium:viewportRect: {height: 1601, left: 0, top: 49, width: 720}, appium:warnings: {}, appium:webStorageEnabled: false, platformName: ANDROID}
Session ID: 6b5b2904-9ea8-4513-8ff1-003988280cb1
at java.base/jdk.internal.reflect.DirectConstructorHandleAccessor.newInstance(DirectConstructorHandleAccessor.java:62)
at java.base/java.lang.reflect.Constructor.newInstanceWithCaller(Constructor.java:502)
at java.base/java.lang.reflect.Constructor.newInstance(Constructor.java:486)
at org.openqa.selenium.remote.ErrorCodec.decode(ErrorCodec.java:167)
at org.openqa.selenium.remote.codec.w3c.W3CHttpResponseCodec.decode(W3CHttpResponseCodec.java:138)
at org.openqa.selenium.remote.codec.w3c.W3CHttpResponseCodec.decode(W3CHttpResponseCodec.java:50)
at org.openqa.selenium.remote.HttpCommandExecutor.execute(HttpCommandExecutor.java:190)
at io.appium.java_client.remote.AppiumCommandExecutor.execute(AppiumCommandExecutor.java:237)
at org.openqa.selenium.remote.RemoteWebDriver.execute(RemoteWebDriver.java:545)
at org.openqa.selenium.remote.RemoteWebDriver.execute(RemoteWebDriver.java:618)
at io.appium.java_client.AppiumDriver.execute(AppiumDriver.java:310)
at org.openqa.selenium.remote.RemoteWebDriver.close(RemoteWebDriver.java:418)
at tests.BaseClass.tearDown(BaseClass.java:38)
at java.base/jdk.internal.reflect.DirectMethodHandleAccessor.invoke(DirectMethodHandleAccessor.java:103)
at java.base/java.lang.reflect.Method.invoke(Method.java:580)
at org.testng.internal.MethodInvocationHelper.invokeMethod(MethodInvocationHelper.java:133)
at org.testng.internal.MethodInvocationHelper.invokeMethodConsideringTimeout(MethodInvocationHelper.java:62)
at org.testng.internal.ConfigInvoker.invokeConfigurationMethod(ConfigInvoker.java:385)
at org.testng.internal.ConfigInvoker.invokeConfigurations(ConfigInvoker.java:321)
at org.testng.TestRunner.invokeTestConfigurations(TestRunner.java:637)
at org.testng.TestRunner.afterRun(TestRunner.java:877)
at org.testng.TestRunner.run(TestRunner.java:599)
at org.testng.SuiteRunner.runTest(SuiteRunner.java:377)
at org.testng.SuiteRunner.runSequentially(SuiteRunner.java:371)
at org.testng.SuiteRunner.privateRun(SuiteRunner.java:332)
at org.testng.SuiteRunner.run(SuiteRunner.java:276)
at org.testng.SuiteRunnerWorker.runSuite(SuiteRunnerWorker.java:53)
at org.testng.SuiteRunnerWorker.run(SuiteRunnerWorker.java:96)
at org.testng.TestNG.runSuitesSequentially(TestNG.java:1212)
at org.testng.TestNG.runSuitesLocally(TestNG.java:1134)
at org.testng.TestNG.runSuites(TestNG.java:1063)
at org.testng.TestNG.run(TestNG.java:1031)
at org.testng.remote.AbstractRemoteTestNG.run(AbstractRemoteTestNG.java:115)
at org.testng.remote.RemoteTestNG.initAndRun(RemoteTestNG.java:293)
at org.testng.remote.RemoteTestNG.main(RemoteTestNG.java:91)
]]>
            </full-stacktrace>
          </exception> <!-- org.openqa.selenium.UnsupportedCommandException -->
          <reporter-output>
          </reporter-output>
        </test-method> <!-- tearDown -->
        <test-method is-config="true" signature="tearDownReport()[pri:0, instance:tests.FavoritePayee@49ec71f8]" started-at="2024-09-23T12:24:47 PKT" name="tearDownReport" finished-at="1970-01-01T05:00:00 PKT" duration-ms="-1727076287393" status="SKIP">
          <reporter-output>
          </reporter-output>
        </test-method> <!-- tearDownReport -->
      </class> <!-- tests.FavoritePayee -->
    </test> <!-- Default test -->
  </suite> <!-- Default suite -->
</testng-results>
