<?xml version="1.0" encoding="UTF-8"?>
<testng-results ignored="0" total="1" passed="1" failed="0" skipped="0">
  <reporter-output>
  </reporter-output>
  <suite started-at="2024-09-25T16:24:51 PKT" name="Default suite" finished-at="2024-09-25T16:25:14 PKT" duration-ms="22197">
    <groups>
    </groups>
    <test started-at="2024-09-25T16:24:51 PKT" name="Default test" finished-at="2024-09-25T16:25:14 PKT" duration-ms="22197">
      <class name="tests.SearchPayee">
        <test-method is-config="true" signature="setupReport()[pri:0, instance:tests.SearchPayee@368f2016]" started-at="2024-09-25T16:24:51 PKT" name="setupReport" finished-at="2024-09-25T16:24:51 PKT" duration-ms="351" status="PASS">
          <reporter-output>
          </reporter-output>
        </test-method> <!-- setupReport -->
        <test-method is-config="true" signature="setUp()[pri:0, instance:tests.SearchPayee@368f2016]" started-at="2024-09-25T16:24:51 PKT" name="setUp" finished-at="2024-09-25T16:25:01 PKT" duration-ms="9081" status="PASS">
          <reporter-output>
          </reporter-output>
        </test-method> <!-- setUp -->
        <test-method signature="test1()[pri:0, instance:tests.SearchPayee@368f2016]" started-at="2024-09-25T16:25:01 PKT" name="test1" finished-at="2024-09-25T16:25:14 PKT" duration-ms="13044" status="PASS">
          <reporter-output>
          </reporter-output>
        </test-method> <!-- test1 -->
        <test-method is-config="true" signature="tearDown()[pri:0, instance:tests.SearchPayee@368f2016]" started-at="2024-09-25T16:25:14 PKT" name="tearDown" finished-at="2024-09-25T16:25:14 PKT" duration-ms="29" status="FAIL">
          <exception class="org.openqa.selenium.UnsupportedCommandException">
            <message>
              <![CDATA[The requested resource could not be found, or a request was received using an HTTP method that is not supported by the mapped resource
Build info: version: '4.25.0', revision: '8a8aea2337'
System info: os.name: 'Windows 10', os.arch: 'amd64', os.version: '10.0', java.version: '23'
Driver info: io.appium.java_client.android.AndroidDriver
Command: [d5d403fe-7ede-411a-a775-9cb4e2b7bd10, close {}]
Capabilities {appium:app: C:\Users\ICONSULT\Desktop\E..., appium:appPackage: com.ibrahim52.zanbeelui, appium:automationName: uiautomator2, appium:databaseEnabled: false, appium:desired: {app: C:\Users\ICONSULT\Desktop\E..., automationName: uiautomator2, deviceName: Tecno CK6N, platformName: ANDROID}, appium:deviceApiLevel: 34, appium:deviceManufacturer: TECNO, appium:deviceModel: TECNO CK6n, appium:deviceName: 10118253AK114028, appium:deviceScreenDensity: 480, appium:deviceScreenSize: 1080x2400, appium:deviceUDID: 10118253AK114028, appium:javascriptEnabled: true, appium:locationContextEnabled: false, appium:networkConnectionEnabled: true, appium:pixelRatio: 3, appium:platformVersion: 14, appium:statBarHeight: 108, appium:takesScreenshot: true, appium:viewportRect: {height: 2292, left: 0, top: 108, width: 1080}, appium:warnings: {}, appium:webStorageEnabled: false, platformName: ANDROID}
Session ID: d5d403fe-7ede-411a-a775-9cb4e2b7bd10]]>
            </message>
            <full-stacktrace>
              <![CDATA[org.openqa.selenium.UnsupportedCommandException: The requested resource could not be found, or a request was received using an HTTP method that is not supported by the mapped resource
Build info: version: '4.25.0', revision: '8a8aea2337'
System info: os.name: 'Windows 10', os.arch: 'amd64', os.version: '10.0', java.version: '23'
Driver info: io.appium.java_client.android.AndroidDriver
Command: [d5d403fe-7ede-411a-a775-9cb4e2b7bd10, close {}]
Capabilities {appium:app: C:\Users\ICONSULT\Desktop\E..., appium:appPackage: com.ibrahim52.zanbeelui, appium:automationName: uiautomator2, appium:databaseEnabled: false, appium:desired: {app: C:\Users\ICONSULT\Desktop\E..., automationName: uiautomator2, deviceName: Tecno CK6N, platformName: ANDROID}, appium:deviceApiLevel: 34, appium:deviceManufacturer: TECNO, appium:deviceModel: TECNO CK6n, appium:deviceName: 10118253AK114028, appium:deviceScreenDensity: 480, appium:deviceScreenSize: 1080x2400, appium:deviceUDID: 10118253AK114028, appium:javascriptEnabled: true, appium:locationContextEnabled: false, appium:networkConnectionEnabled: true, appium:pixelRatio: 3, appium:platformVersion: 14, appium:statBarHeight: 108, appium:takesScreenshot: true, appium:viewportRect: {height: 2292, left: 0, top: 108, width: 1080}, appium:warnings: {}, appium:webStorageEnabled: false, platformName: ANDROID}
Session ID: d5d403fe-7ede-411a-a775-9cb4e2b7bd10
at java.base/jdk.internal.reflect.DirectConstructorHandleAccessor.newInstance(DirectConstructorHandleAccessor.java:62)
at java.base/java.lang.reflect.Constructor.newInstanceWithCaller(Constructor.java:501)
at java.base/java.lang.reflect.Constructor.newInstance(Constructor.java:485)
at org.openqa.selenium.remote.ErrorCodec.decode(ErrorCodec.java:167)
at org.openqa.selenium.remote.codec.w3c.W3CHttpResponseCodec.decode(W3CHttpResponseCodec.java:138)
at org.openqa.selenium.remote.codec.w3c.W3CHttpResponseCodec.decode(W3CHttpResponseCodec.java:50)
at org.openqa.selenium.remote.HttpCommandExecutor.execute(HttpCommandExecutor.java:190)
at io.appium.java_client.remote.AppiumCommandExecutor.execute(AppiumCommandExecutor.java:237)
at org.openqa.selenium.remote.RemoteWebDriver.execute(RemoteWebDriver.java:545)
at org.openqa.selenium.remote.RemoteWebDriver.execute(RemoteWebDriver.java:618)
at io.appium.java_client.AppiumDriver.execute(AppiumDriver.java:310)
at org.openqa.selenium.remote.RemoteWebDriver.close(RemoteWebDriver.java:418)
at tests.BaseClass.tearDown(BaseClass.java:40)
at java.base/jdk.internal.reflect.DirectMethodHandleAccessor.invoke(DirectMethodHandleAccessor.java:103)
at java.base/java.lang.reflect.Method.invoke(Method.java:580)
at org.testng.internal.MethodInvocationHelper.invokeMethod(MethodInvocationHelper.java:133)
at org.testng.internal.MethodInvocationHelper.invokeMethodConsideringTimeout(MethodInvocationHelper.java:62)
at org.testng.internal.ConfigInvoker.invokeConfigurationMethod(ConfigInvoker.java:385)
at org.testng.internal.ConfigInvoker.invokeConfigurations(ConfigInvoker.java:321)
at org.testng.TestRunner.invokeTestConfigurations(TestRunner.java:637)
at org.testng.TestRunner.afterRun(TestRunner.java:877)
at org.testng.TestRunner.run(TestRunner.java:599)
at org.testng.SuiteRunner.runTest(SuiteRunner.java:377)
at org.testng.SuiteRunner.runSequentially(SuiteRunner.java:371)
at org.testng.SuiteRunner.privateRun(SuiteRunner.java:332)
at org.testng.SuiteRunner.run(SuiteRunner.java:276)
at org.testng.SuiteRunnerWorker.runSuite(SuiteRunnerWorker.java:53)
at org.testng.SuiteRunnerWorker.run(SuiteRunnerWorker.java:96)
at org.testng.TestNG.runSuitesSequentially(TestNG.java:1212)
at org.testng.TestNG.runSuitesLocally(TestNG.java:1134)
at org.testng.TestNG.runSuites(TestNG.java:1063)
at org.testng.TestNG.run(TestNG.java:1031)
at org.testng.remote.AbstractRemoteTestNG.run(AbstractRemoteTestNG.java:115)
at org.testng.remote.RemoteTestNG.initAndRun(RemoteTestNG.java:293)
at org.testng.remote.RemoteTestNG.main(RemoteTestNG.java:91)
]]>
            </full-stacktrace>
          </exception> <!-- org.openqa.selenium.UnsupportedCommandException -->
          <reporter-output>
          </reporter-output>
        </test-method> <!-- tearDown -->
        <test-method is-config="true" signature="tearDownReport()[pri:0, instance:tests.SearchPayee@368f2016]" started-at="2024-09-25T16:25:14 PKT" name="tearDownReport" finished-at="1970-01-01T05:00:00 PKT" duration-ms="-1727263514209" status="SKIP">
          <reporter-output>
          </reporter-output>
        </test-method> <!-- tearDownReport -->
      </class> <!-- tests.SearchPayee -->
    </test> <!-- Default test -->
  </suite> <!-- Default suite -->
</testng-results>
